build/app/intermediates/manifest_merge_blame_file/release/manifest-merger-blame-release-report.txt
1<?xml version="1.0" encoding="utf-8"?>
2<manifest xmlns:android="http://schemas.android.com/apk/res/android"
3    package="com.hangoutwithyou.hangoutung"
4    android:versionCode="1"
5    android:versionName="1.0.0" >
6
7    <uses-sdk
8        android:minSdkVersion="22"
8-->src/main/AndroidManifest.xml
9        android:targetSdkVersion="31" />
9-->src/main/AndroidManifest.xml
10
11    <uses-permission android:name="android.permission.INTERNET" />
11-->src/main/AndroidManifest.xml:40:5-66
11-->src/main/AndroidManifest.xml:40:22-64
12    <uses-permission android:name="android.permission.WAKE_LOCK" />
12-->[:firebase_messaging] AndroidManifest.xml:8:5-68
12-->[:firebase_messaging] AndroidManifest.xml:8:22-65
13    <uses-permission android:name="android.permission.ACCESS_NETWORK_STATE" />
13-->[:firebase_messaging] AndroidManifest.xml:9:5-79
13-->[:firebase_messaging] AndroidManifest.xml:9:22-76
14    <uses-permission android:name="android.permission.POST_NOTIFICATIONS" /> <!-- Required by older versions of Google Play services to create IID tokens -->
14-->[com.google.firebase:firebase-messaging:23.0.6] AndroidManifest.xml:26:5-77
14-->[com.google.firebase:firebase-messaging:23.0.6] AndroidManifest.xml:26:22-74
15    <uses-permission android:name="com.google.android.c2dm.permission.RECEIVE" />
15-->[com.google.firebase:firebase-messaging:23.0.6] AndroidManifest.xml:29:5-82
15-->[com.google.firebase:firebase-messaging:23.0.6] AndroidManifest.xml:29:22-79
16
17    <application
17-->src/main/AndroidManifest.xml:3:4-38:19
18        android:appComponentFactory="androidx.core.app.CoreComponentFactory"
18-->[androidx.core:core:1.8.0] AndroidManifest.xml:24:18-86
19        android:icon="@mipmap/ic_launcher"
19-->src/main/AndroidManifest.xml:5:9-43
20        android:label="HangoutUng" >
20-->src/main/AndroidManifest.xml:4:9-35
21        <activity
21-->src/main/AndroidManifest.xml:6:9-32:20
22            android:name="com.hangoutwithyou.hangoutung.MainActivity"
22-->src/main/AndroidManifest.xml:7:13-41
23            android:configChanges="orientation|keyboardHidden|keyboard|screenSize|smallestScreenSize|locale|layoutDirection|fontScale|screenLayout|density|uiMode"
23-->src/main/AndroidManifest.xml:10:13-163
24            android:exported="true"
24-->src/main/AndroidManifest.xml:12:13-36
25            android:hardwareAccelerated="true"
25-->src/main/AndroidManifest.xml:11:13-47
26            android:launchMode="singleTop"
26-->src/main/AndroidManifest.xml:8:13-43
27            android:theme="@style/LaunchTheme"
27-->src/main/AndroidManifest.xml:9:13-47
28            android:windowSoftInputMode="adjustResize" >
28-->src/main/AndroidManifest.xml:13:13-55
29            <meta-data
29-->src/main/AndroidManifest.xml:15:13-18:17
30                android:name="io.flutter.embedding.android.NormalTheme"
30-->src/main/AndroidManifest.xml:16:15-70
31                android:resource="@style/NormalTheme" />
31-->src/main/AndroidManifest.xml:17:15-52
32            <!--
33                 Displays an Android View that continues showing the launch screen
34                 Drawable until Flutter paints its first frame, then this splash
35                 screen fades out. A splash screen is useful to avoid any visual
36                 gap between the end of Android's launch screen and the painting of
37                 Flutter's first frame.
38            -->
39            <meta-data
39-->src/main/AndroidManifest.xml:24:13-27:17
40                android:name="io.flutter.embedding.android.SplashScreenDrawable"
40-->src/main/AndroidManifest.xml:25:15-79
41                android:resource="@drawable/launch_background" />
41-->src/main/AndroidManifest.xml:26:15-61
42
43            <intent-filter>
43-->src/main/AndroidManifest.xml:28:13-31:29
44                <action android:name="android.intent.action.MAIN" />
44-->src/main/AndroidManifest.xml:29:17-68
44-->src/main/AndroidManifest.xml:29:25-66
45
46                <category android:name="android.intent.category.LAUNCHER" />
46-->src/main/AndroidManifest.xml:30:17-76
46-->src/main/AndroidManifest.xml:30:27-74
47            </intent-filter>
48        </activity>
49        <!--
50             Don't delete the meta-data below.
51             This is used by the Flutter tool to generate GeneratedPluginRegistrant.java
52        -->
53        <meta-data
53-->src/main/AndroidManifest.xml:35:9-37:33
54            android:name="flutterEmbedding"
54-->src/main/AndroidManifest.xml:36:13-44
55            android:value="2" />
55-->src/main/AndroidManifest.xml:37:13-30
56
57        <service
57-->[:firebase_messaging] AndroidManifest.xml:12:9-15:72
58            android:name="io.flutter.plugins.firebase.messaging.FlutterFirebaseMessagingBackgroundService"
58-->[:firebase_messaging] AndroidManifest.xml:13:13-107
59            android:exported="false"
59-->[:firebase_messaging] AndroidManifest.xml:14:13-37
60            android:permission="android.permission.BIND_JOB_SERVICE" />
60-->[:firebase_messaging] AndroidManifest.xml:15:13-69
61        <service
61-->[:firebase_messaging] AndroidManifest.xml:16:9-22:19
62            android:name="io.flutter.plugins.firebase.messaging.FlutterFirebaseMessagingService"
62-->[:firebase_messaging] AndroidManifest.xml:17:13-97
63            android:exported="false" >
63-->[:firebase_messaging] AndroidManifest.xml:18:13-37
64            <intent-filter>
64-->[:firebase_messaging] AndroidManifest.xml:19:13-21:29
65                <action android:name="com.google.firebase.MESSAGING_EVENT" />
65-->[:firebase_messaging] AndroidManifest.xml:20:17-78
65-->[:firebase_messaging] AndroidManifest.xml:20:25-75
66            </intent-filter>
67        </service>
68
69        <receiver
69-->[:firebase_messaging] AndroidManifest.xml:24:9-31:20
70            android:name="io.flutter.plugins.firebase.messaging.FlutterFirebaseMessagingReceiver"
70-->[:firebase_messaging] AndroidManifest.xml:25:13-98
71            android:exported="true"
71-->[:firebase_messaging] AndroidManifest.xml:26:13-36
72            android:permission="com.google.android.c2dm.permission.SEND" >
72-->[:firebase_messaging] AndroidManifest.xml:27:13-73
73            <intent-filter>
73-->[:firebase_messaging] AndroidManifest.xml:28:13-30:29
74                <action android:name="com.google.android.c2dm.intent.RECEIVE" />
74-->[:firebase_messaging] AndroidManifest.xml:29:17-81
74-->[:firebase_messaging] AndroidManifest.xml:29:25-78
75            </intent-filter>
76        </receiver>
77
78        <service
78-->[:firebase_messaging] AndroidManifest.xml:33:9-37:19
79            android:name="com.google.firebase.components.ComponentDiscoveryService"
79-->[:firebase_messaging] AndroidManifest.xml:33:18-89
80            android:directBootAware="true"
80-->[com.google.firebase:firebase-common:20.1.1] AndroidManifest.xml:35:13-43
81            android:exported="false" >
81-->[com.google.firebase:firebase-messaging:23.0.6] AndroidManifest.xml:55:13-37
82            <meta-data
82-->[:firebase_messaging] AndroidManifest.xml:34:13-36:85
83                android:name="com.google.firebase.components:io.flutter.plugins.firebase.messaging.FlutterFirebaseAppRegistrar"
83-->[:firebase_messaging] AndroidManifest.xml:35:17-128
84                android:value="com.google.firebase.components.ComponentRegistrar" />
84-->[:firebase_messaging] AndroidManifest.xml:36:17-82
85            <meta-data
85-->[:firebase_core] AndroidManifest.xml:9:13-11:85
86                android:name="com.google.firebase.components:io.flutter.plugins.firebase.core.FlutterFirebaseCoreRegistrar"
86-->[:firebase_core] AndroidManifest.xml:10:17-124
87                android:value="com.google.firebase.components.ComponentRegistrar" />
87-->[:firebase_core] AndroidManifest.xml:11:17-82
88            <meta-data
88-->[com.google.firebase:firebase-messaging:23.0.6] AndroidManifest.xml:56:13-58:85
89                android:name="com.google.firebase.components:com.google.firebase.messaging.FirebaseMessagingRegistrar"
89-->[com.google.firebase:firebase-messaging:23.0.6] AndroidManifest.xml:57:17-119
90                android:value="com.google.firebase.components.ComponentRegistrar" />
90-->[com.google.firebase:firebase-messaging:23.0.6] AndroidManifest.xml:58:17-82
91            <meta-data
91-->[com.google.firebase:firebase-datatransport:18.1.5] AndroidManifest.xml:28:13-30:85
92                android:name="com.google.firebase.components:com.google.firebase.datatransport.TransportRegistrar"
92-->[com.google.firebase:firebase-datatransport:18.1.5] AndroidManifest.xml:29:17-115
93                android:value="com.google.firebase.components.ComponentRegistrar" />
93-->[com.google.firebase:firebase-datatransport:18.1.5] AndroidManifest.xml:30:17-82
94            <meta-data
94-->[com.google.firebase:firebase-installations:17.0.1] AndroidManifest.xml:18:13-20:85
95                android:name="com.google.firebase.components:com.google.firebase.installations.FirebaseInstallationsRegistrar"
95-->[com.google.firebase:firebase-installations:17.0.1] AndroidManifest.xml:19:17-127
96                android:value="com.google.firebase.components.ComponentRegistrar" />
96-->[com.google.firebase:firebase-installations:17.0.1] AndroidManifest.xml:20:17-82
97        </service>
98
99        <provider
99-->[:firebase_messaging] AndroidManifest.xml:39:9-43:38
100            android:name="io.flutter.plugins.firebase.messaging.FlutterFirebaseMessagingInitProvider"
100-->[:firebase_messaging] AndroidManifest.xml:40:13-102
101            android:authorities="com.hangoutwithyou.hangoutung.flutterfirebasemessaginginitprovider"
101-->[:firebase_messaging] AndroidManifest.xml:41:13-88
102            android:exported="false"
102-->[:firebase_messaging] AndroidManifest.xml:42:13-37
103            android:initOrder="99" />
103-->[:firebase_messaging] AndroidManifest.xml:43:13-35
104        <provider
104-->[:image_picker_android] AndroidManifest.xml:8:9-16:20
105            android:name="io.flutter.plugins.imagepicker.ImagePickerFileProvider"
105-->[:image_picker_android] AndroidManifest.xml:9:13-82
106            android:authorities="com.hangoutwithyou.hangoutung.flutter.image_provider"
106-->[:image_picker_android] AndroidManifest.xml:10:13-74
107            android:exported="false"
107-->[:image_picker_android] AndroidManifest.xml:11:13-37
108            android:grantUriPermissions="true" >
108-->[:image_picker_android] AndroidManifest.xml:12:13-47
109            <meta-data
109-->[:image_picker_android] AndroidManifest.xml:13:13-15:75
110                android:name="android.support.FILE_PROVIDER_PATHS"
110-->[:image_picker_android] AndroidManifest.xml:14:17-67
111                android:resource="@xml/flutter_image_picker_file_paths" />
111-->[:image_picker_android] AndroidManifest.xml:15:17-72
112        </provider>
113
114        <uses-library
114-->[androidx.window:window:1.0.0-beta04] AndroidManifest.xml:25:9-27:40
115            android:name="androidx.window.extensions"
115-->[androidx.window:window:1.0.0-beta04] AndroidManifest.xml:26:13-54
116            android:required="false" />
116-->[androidx.window:window:1.0.0-beta04] AndroidManifest.xml:27:13-37
117        <uses-library
117-->[androidx.window:window:1.0.0-beta04] AndroidManifest.xml:28:9-30:40
118            android:name="androidx.window.sidecar"
118-->[androidx.window:window:1.0.0-beta04] AndroidManifest.xml:29:13-51
119            android:required="false" />
119-->[androidx.window:window:1.0.0-beta04] AndroidManifest.xml:30:13-37
120
121        <receiver
121-->[com.google.firebase:firebase-messaging:23.0.6] AndroidManifest.xml:32:9-39:20
122            android:name="com.google.firebase.iid.FirebaseInstanceIdReceiver"
122-->[com.google.firebase:firebase-messaging:23.0.6] AndroidManifest.xml:33:13-78
123            android:exported="true"
123-->[com.google.firebase:firebase-messaging:23.0.6] AndroidManifest.xml:34:13-36
124            android:permission="com.google.android.c2dm.permission.SEND" >
124-->[com.google.firebase:firebase-messaging:23.0.6] AndroidManifest.xml:35:13-73
125            <intent-filter>
125-->[:firebase_messaging] AndroidManifest.xml:28:13-30:29
126                <action android:name="com.google.android.c2dm.intent.RECEIVE" />
126-->[:firebase_messaging] AndroidManifest.xml:29:17-81
126-->[:firebase_messaging] AndroidManifest.xml:29:25-78
127            </intent-filter>
128        </receiver>
129        <!--
130             FirebaseMessagingService performs security checks at runtime,
131             but set to not exported to explicitly avoid allowing another app to call it.
132        -->
133        <service
133-->[com.google.firebase:firebase-messaging:23.0.6] AndroidManifest.xml:45:9-52:19
134            android:name="com.google.firebase.messaging.FirebaseMessagingService"
134-->[com.google.firebase:firebase-messaging:23.0.6] AndroidManifest.xml:46:13-82
135            android:directBootAware="true"
135-->[com.google.firebase:firebase-messaging:23.0.6] AndroidManifest.xml:47:13-43
136            android:exported="false" >
136-->[com.google.firebase:firebase-messaging:23.0.6] AndroidManifest.xml:48:13-37
137            <intent-filter android:priority="-500" >
137-->[:firebase_messaging] AndroidManifest.xml:19:13-21:29
138                <action android:name="com.google.firebase.MESSAGING_EVENT" />
138-->[:firebase_messaging] AndroidManifest.xml:20:17-78
138-->[:firebase_messaging] AndroidManifest.xml:20:25-75
139            </intent-filter>
140        </service>
141
142        <provider
142-->[com.google.firebase:firebase-common:20.1.1] AndroidManifest.xml:26:9-31:39
143            android:name="com.google.firebase.provider.FirebaseInitProvider"
143-->[com.google.firebase:firebase-common:20.1.1] AndroidManifest.xml:27:13-77
144            android:authorities="com.hangoutwithyou.hangoutung.firebaseinitprovider"
144-->[com.google.firebase:firebase-common:20.1.1] AndroidManifest.xml:28:13-72
145            android:directBootAware="true"
145-->[com.google.firebase:firebase-common:20.1.1] AndroidManifest.xml:29:13-43
146            android:exported="false"
146-->[com.google.firebase:firebase-common:20.1.1] AndroidManifest.xml:30:13-37
147            android:initOrder="100" />
147-->[com.google.firebase:firebase-common:20.1.1] AndroidManifest.xml:31:13-36
148
149        <activity
149-->[com.google.android.gms:play-services-base:18.0.1] AndroidManifest.xml:20:9-22:45
150            android:name="com.google.android.gms.common.api.GoogleApiActivity"
150-->[com.google.android.gms:play-services-base:18.0.1] AndroidManifest.xml:20:19-85
151            android:exported="false"
151-->[com.google.android.gms:play-services-base:18.0.1] AndroidManifest.xml:22:19-43
152            android:theme="@android:style/Theme.Translucent.NoTitleBar" />
152-->[com.google.android.gms:play-services-base:18.0.1] AndroidManifest.xml:21:19-78
153
154        <meta-data
154-->[com.google.android.gms:play-services-basement:18.0.0] AndroidManifest.xml:21:9-23:69
155            android:name="com.google.android.gms.version"
155-->[com.google.android.gms:play-services-basement:18.0.0] AndroidManifest.xml:22:13-58
156            android:value="@integer/google_play_services_version" />
156-->[com.google.android.gms:play-services-basement:18.0.0] AndroidManifest.xml:23:13-66
157
158        <service
158-->[com.google.android.datatransport:transport-backend-cct:3.1.6] AndroidManifest.xml:29:9-35:19
159            android:name="com.google.android.datatransport.runtime.backends.TransportBackendDiscovery"
159-->[com.google.android.datatransport:transport-backend-cct:3.1.6] AndroidManifest.xml:30:13-103
160            android:exported="false" >
160-->[com.google.android.datatransport:transport-backend-cct:3.1.6] AndroidManifest.xml:31:13-37
161            <meta-data
161-->[com.google.android.datatransport:transport-backend-cct:3.1.6] AndroidManifest.xml:32:13-34:39
162                android:name="backend:com.google.android.datatransport.cct.CctBackendFactory"
162-->[com.google.android.datatransport:transport-backend-cct:3.1.6] AndroidManifest.xml:33:17-94
163                android:value="cct" />
163-->[com.google.android.datatransport:transport-backend-cct:3.1.6] AndroidManifest.xml:34:17-36
164        </service>
165        <service
165-->[com.google.android.datatransport:transport-runtime:3.1.6] AndroidManifest.xml:26:9-30:19
166            android:name="com.google.android.datatransport.runtime.scheduling.jobscheduling.JobInfoSchedulerService"
166-->[com.google.android.datatransport:transport-runtime:3.1.6] AndroidManifest.xml:27:13-117
167            android:exported="false"
167-->[com.google.android.datatransport:transport-runtime:3.1.6] AndroidManifest.xml:28:13-37
168            android:permission="android.permission.BIND_JOB_SERVICE" >
168-->[com.google.android.datatransport:transport-runtime:3.1.6] AndroidManifest.xml:29:13-69
169        </service>
170
171        <receiver
171-->[com.google.android.datatransport:transport-runtime:3.1.6] AndroidManifest.xml:32:9-34:40
172            android:name="com.google.android.datatransport.runtime.scheduling.jobscheduling.AlarmManagerSchedulerBroadcastReceiver"
172-->[com.google.android.datatransport:transport-runtime:3.1.6] AndroidManifest.xml:33:13-132
173            android:exported="false" />
173-->[com.google.android.datatransport:transport-runtime:3.1.6] AndroidManifest.xml:34:13-37
174    </application>
175
176</manifest>